0 info it worked if it ends with ok
1 verbose cli [ '/usr/bin/node', '/usr/bin/npm', 'install', '-g', 'typescript' ]
2 info using npm@3.5.2
3 info using node@v6.11.4
4 silly loadCurrentTree Starting
5 silly install loadCurrentTree
6 silly install readGlobalPackageData
7 silly fetchPackageMetaData typescript
8 silly fetchNamedPackageData typescript
9 silly mapToRegistry name typescript
10 silly mapToRegistry using default registry
11 silly mapToRegistry registry https://registry.npmjs.org/
12 silly mapToRegistry uri https://registry.npmjs.org/typescript
13 verbose request uri https://registry.npmjs.org/typescript
14 verbose request no auth needed
15 info attempt registry request try #1 at 10:23:48 PM
16 verbose request id 08c2f1e61798dcea
17 http request GET https://registry.npmjs.org/typescript
18 http 200 https://registry.npmjs.org/typescript
19 verbose headers { 'content-type': 'application/json; charset=UTF-8',
19 verbose headers   server: 'UploadServer',
19 verbose headers   'cache-control': 'max-age=300',
19 verbose headers   'last-modified': 'Sat, 16 Dec 2017 6:26:20 GMT',
19 verbose headers   etag: '"5a34bc8c-2083ea"',
19 verbose headers   'content-encoding': 'gzip',
19 verbose headers   'content-length': '110363',
19 verbose headers   'accept-ranges': 'bytes',
19 verbose headers   date: 'Mon, 18 Dec 2017 16:38:48 GMT',
19 verbose headers   via: '1.1 varnish',
19 verbose headers   age: '7534',
19 verbose headers   connection: 'keep-alive',
19 verbose headers   'x-served-by': 'cache-sin18035-SIN',
19 verbose headers   'x-cache': 'HIT',
19 verbose headers   'x-cache-hits': '26',
19 verbose headers   'x-timer': 'S1513615129.703852,VS0,VE0',
19 verbose headers   vary: 'Accept-Encoding, Accept' }
20 silly get cb [ 200,
20 silly get   { 'content-type': 'application/json; charset=UTF-8',
20 silly get     server: 'UploadServer',
20 silly get     'cache-control': 'max-age=300',
20 silly get     'last-modified': 'Sat, 16 Dec 2017 6:26:20 GMT',
20 silly get     etag: '"5a34bc8c-2083ea"',
20 silly get     'content-encoding': 'gzip',
20 silly get     'content-length': '110363',
20 silly get     'accept-ranges': 'bytes',
20 silly get     date: 'Mon, 18 Dec 2017 16:38:48 GMT',
20 silly get     via: '1.1 varnish',
20 silly get     age: '7534',
20 silly get     connection: 'keep-alive',
20 silly get     'x-served-by': 'cache-sin18035-SIN',
20 silly get     'x-cache': 'HIT',
20 silly get     'x-cache-hits': '26',
20 silly get     'x-timer': 'S1513615129.703852,VS0,VE0',
20 silly get     vary: 'Accept-Encoding, Accept' } ]
21 verbose get saving typescript to /home/saroj/.npm/registry.npmjs.org/typescript/.cache.json
22 silly install normalizeTree
23 silly loadCurrentTree Finishing
24 silly loadIdealTree Starting
25 silly install loadIdealTree
26 silly cloneCurrentTree Starting
27 silly install cloneCurrentTreeToIdealTree
28 silly cloneCurrentTree Finishing
29 silly loadShrinkwrap Starting
30 silly install loadShrinkwrap
31 silly loadShrinkwrap Finishing
32 silly loadAllDepsIntoIdealTree Starting
33 silly install loadAllDepsIntoIdealTree
34 silly resolveWithNewModule typescript@2.6.2 checking installable status
35 silly cache add args [ 'typescript', null ]
36 verbose cache add spec typescript
37 silly cache add parsed spec Result {
37 silly cache add   raw: 'typescript',
37 silly cache add   scope: null,
37 silly cache add   name: 'typescript',
37 silly cache add   rawSpec: '',
37 silly cache add   spec: 'latest',
37 silly cache add   type: 'tag' }
38 silly addNamed typescript@latest
39 verbose addNamed "latest" is being treated as a dist-tag for typescript
40 info addNameTag [ 'typescript', 'latest' ]
41 silly mapToRegistry name typescript
42 silly mapToRegistry using default registry
43 silly mapToRegistry registry https://registry.npmjs.org/
44 silly mapToRegistry uri https://registry.npmjs.org/typescript
45 verbose addNameTag registry:https://registry.npmjs.org/typescript not in flight; fetching
46 verbose get https://registry.npmjs.org/typescript not expired, no request
47 silly addNameTag next cb for typescript with tag latest
48 silly addNamed typescript@2.6.2
49 verbose addNamed "2.6.2" is a plain semver version for typescript
50 silly mapToRegistry name typescript
51 silly mapToRegistry using default registry
52 silly mapToRegistry registry https://registry.npmjs.org/
53 silly mapToRegistry uri https://registry.npmjs.org/typescript
54 verbose addRemoteTarball https://registry.npmjs.org/typescript/-/typescript-2.6.2.tgz not in flight; adding
55 verbose addRemoteTarball [ 'https://registry.npmjs.org/typescript/-/typescript-2.6.2.tgz',
55 verbose addRemoteTarball   '3c5b6fd7f6de0914269027f03c0946758f7673a4' ]
56 info retry fetch attempt 1 at 10:23:49 PM
57 info attempt registry request try #1 at 10:23:49 PM
58 http fetch GET https://registry.npmjs.org/typescript/-/typescript-2.6.2.tgz
59 http fetch 200 https://registry.npmjs.org/typescript/-/typescript-2.6.2.tgz
60 silly fetchAndShaCheck shasum 3c5b6fd7f6de0914269027f03c0946758f7673a4
61 verbose addTmpTarball /tmp/npm-26875-20c42ca1/registry.npmjs.org/typescript/-/typescript-2.6.2.tgz not in flight; adding
62 verbose addTmpTarball already have metadata; skipping unpack for typescript@2.6.2
63 silly cache afterAdd typescript@2.6.2
64 verbose afterAdd /home/saroj/.npm/typescript/2.6.2/package/package.json not in flight; writing
65 verbose afterAdd /home/saroj/.npm/typescript/2.6.2/package/package.json written
66 silly loadAllDepsIntoIdealTree Finishing
67 silly idealTree:prePrune lib
67 silly idealTree:prePrune └── typescript@2.6.2
68 silly loadIdealTree Finishing
69 silly currentTree lib
70 silly idealTree lib
70 silly idealTree └── typescript@2.6.2
71 silly generateActionsToTake Starting
72 silly install generateActionsToTake
73 warn checkPermissions Missing write access to /usr/local/lib/node_modules
74 silly rollbackFailedOptional Starting
75 silly rollbackFailedOptional Finishing
76 silly runTopLevelLifecycles Starting
77 silly runTopLevelLifecycles Finishing
78 silly install printInstalled
79 verbose stack Error: EACCES: permission denied, access '/usr/local/lib/node_modules'
79 verbose stack     at Error (native)
80 verbose cwd /home/saroj/Documents/college/lab2
81 error Linux 4.13.0-19-generic
82 error argv "/usr/bin/node" "/usr/bin/npm" "install" "-g" "typescript"
83 error node v6.11.4
84 error npm  v3.5.2
85 error path /usr/local/lib/node_modules
86 error code EACCES
87 error errno -13
88 error syscall access
89 error Error: EACCES: permission denied, access '/usr/local/lib/node_modules'
89 error     at Error (native)
89 error  { Error: EACCES: permission denied, access '/usr/local/lib/node_modules'
89 error     at Error (native)
89 error   errno: -13,
89 error   code: 'EACCES',
89 error   syscall: 'access',
89 error   path: '/usr/local/lib/node_modules' }
90 error Please try running this command again as root/Administrator.
91 verbose exit [ -13, true ]
